<?xml version="1.0" encoding="UTF-8"?>
<!-- Generated by org.testng.reporters.JUnitReportReporter -->
<testsuite hostname="DESKTOP-1I0JH3D" failures="0" tests="1" name="testCases.TC02_SignIn" time="29.289" errors="0" timestamp="2024-12-08T23:17:39 IST" skipped="0">
  <testcase classname="testCases.TC02_SignIn" name="verify_sign_in" time="29.289"/>
  <system-out/>
</testsuite> <!-- testCases.TC02_SignIn -->
