<?xml version="1.0" encoding="UTF-8"?>
<!-- Generated by org.testng.reporters.JUnitReportReporter -->
<testsuite hostname="DESKTOP-1I0JH3D" failures="0" tests="1" name="testCases.TC01_CreateAnAccountTest" time="11.157" errors="0" timestamp="2024-12-08T23:17:39 IST" skipped="0">
  <testcase classname="testCases.TC01_CreateAnAccountTest" name="verify_account_registration" time="11.157"/>
  <system-out/>
</testsuite> <!-- testCases.TC01_CreateAnAccountTest -->
